Determining if the pthread_create exist failed with the following output:
Change Dir: /home/user/cs6244_motionplanning/mpav/Steering_Control/build/CMakeFiles/CMakeTmp

Run Build Command:/usr/bin/make "cmTryCompileExec925985560/fast"
make[1]: Entering directory `/home/user/cs6244_motionplanning/mpav/Steering_Control/build/CMakeFiles/CMakeTmp'
/usr/bin/make -f CMakeFiles/cmTryCompileExec925985560.dir/build.make CMakeFiles/cmTryCompileExec925985560.dir/build
make[2]: Entering directory `/home/user/cs6244_motionplanning/mpav/Steering_Control/build/CMakeFiles/CMakeTmp'
/usr/bin/cmake -E cmake_progress_report /home/user/cs6244_motionplanning/mpav/Steering_Control/build/CMakeFiles/CMakeTmp/CMakeFiles 1
Building C object CMakeFiles/cmTryCompileExec925985560.dir/CheckSymbolExists.c.o
/usr/bin/cc    -o CMakeFiles/cmTryCompileExec925985560.dir/CheckSymbolExists.c.o   -c /home/user/cs6244_motionplanning/mpav/Steering_Control/build/CMakeFiles/CMakeTmp/CheckSymbolExists.c
Linking C executable cmTryCompileExec925985560
/usr/bin/cmake -E cmake_link_script CMakeFiles/cmTryCompileExec925985560.dir/link.txt --verbose=1
/usr/bin/cc       CMakeFiles/cmTryCompileExec925985560.dir/CheckSymbolExists.c.o  -o cmTryCompileExec925985560 -rdynamic 
CMakeFiles/cmTryCompileExec925985560.dir/CheckSymbolExists.c.o: In function `main':
CheckSymbolExists.c:(.text+0x16): undefined reference to `pthread_create'
collect2: error: ld returned 1 exit status
make[2]: *** [cmTryCompileExec925985560] Error 1
make[2]: Leaving directory `/home/user/cs6244_motionplanning/mpav/Steering_Control/build/CMakeFiles/CMakeTmp'
make[1]: *** [cmTryCompileExec925985560/fast] Error 2
make[1]: Leaving directory `/home/user/cs6244_motionplanning/mpav/Steering_Control/build/CMakeFiles/CMakeTmp'

File /home/user/cs6244_motionplanning/mpav/Steering_Control/build/CMakeFiles/CMakeTmp/CheckSymbolExists.c:
/* */
#include <pthread.h>

int main(int argc, char** argv)
{
  (void)argv;
#ifndef pthread_create
  return ((int*)(&pthread_create))[argc];
#else
  (void)argc;
  return 0;
#endif
}

Determining if the function pthread_create exists in the pthreads failed with the following output:
Change Dir: /home/user/cs6244_motionplanning/mpav/Steering_Control/build/CMakeFiles/CMakeTmp

Run Build Command:/usr/bin/make "cmTryCompileExec3495350982/fast"
make[1]: Entering directory `/home/user/cs6244_motionplanning/mpav/Steering_Control/build/CMakeFiles/CMakeTmp'
/usr/bin/make -f CMakeFiles/cmTryCompileExec3495350982.dir/build.make CMakeFiles/cmTryCompileExec3495350982.dir/build
make[2]: Entering directory `/home/user/cs6244_motionplanning/mpav/Steering_Control/build/CMakeFiles/CMakeTmp'
/usr/bin/cmake -E cmake_progress_report /home/user/cs6244_motionplanning/mpav/Steering_Control/build/CMakeFiles/CMakeTmp/CMakeFiles 1
Building C object CMakeFiles/cmTryCompileExec3495350982.dir/CheckFunctionExists.c.o
/usr/bin/cc   -DCHECK_FUNCTION_EXISTS=pthread_create   -o CMakeFiles/cmTryCompileExec3495350982.dir/CheckFunctionExists.c.o   -c /usr/share/cmake-2.8/Modules/CheckFunctionExists.c
Linking C executable cmTryCompileExec3495350982
/usr/bin/cmake -E cmake_link_script CMakeFiles/cmTryCompileExec3495350982.dir/link.txt --verbose=1
/usr/bin/cc   -DCHECK_FUNCTION_EXISTS=pthread_create    CMakeFiles/cmTryCompileExec3495350982.dir/CheckFunctionExists.c.o  -o cmTryCompileExec3495350982 -rdynamic -lpthreads 
/usr/bin/ld: cannot find -lpthreads
collect2: error: ld returned 1 exit status
make[2]: *** [cmTryCompileExec3495350982] Error 1
make[2]: Leaving directory `/home/user/cs6244_motionplanning/mpav/Steering_Control/build/CMakeFiles/CMakeTmp'
make[1]: *** [cmTryCompileExec3495350982/fast] Error 2
make[1]: Leaving directory `/home/user/cs6244_motionplanning/mpav/Steering_Control/build/CMakeFiles/CMakeTmp'


